# JRE version: Java(TM) SE Runtime Environment (11.0+28) (build 11+28)
# Java VM: Java HotSpot(TM) 64-Bit Server VM (11+28, mixed mode, tiered, compressed oops, g1 gc, windows-amd64)
Heap:
 garbage-first heap   total 262144K, used 105809K [0x0000000701000000, 0x0000000800000000)
  region size 1024K, 94 young (96256K), 8 survivors (8192K)
 Metaspace       used 32808K, capacity 33859K, committed 34224K, reserved 1079296K
  class space    used 3489K, capacity 3975K, committed 4096K, reserved 1048576K
GC Heap History (10 events):
Event: 654.615 GC heap before
{Heap before GC invocations=8 (full 0):
 garbage-first heap   total 262144K, used 168515K [0x0000000701000000, 0x0000000800000000)
  region size 1024K, 153 young (156672K), 6 survivors (6144K)
 Metaspace       used 31471K, capacity 32486K, committed 32688K, reserved 1079296K
  class space    used 3326K, capacity 3774K, committed 3840K, reserved 1048576K
}
Event: 654.618 GC heap after
{Heap after GC invocations=9 (full 0):
 garbage-first heap   total 262144K, used 18061K [0x0000000701000000, 0x0000000800000000)
  region size 1024K, 6 young (6144K), 6 survivors (6144K)
 Metaspace       used 31471K, capacity 32486K, committed 32688K, reserved 1079296K
  class space    used 3326K, capacity 3774K, committed 3840K, reserved 1048576K
}
Event: 813.204 GC heap before
{Heap before GC invocations=9 (full 0):
 garbage-first heap   total 262144K, used 168589K [0x0000000701000000, 0x0000000800000000)
  region size 1024K, 153 young (156672K), 6 survivors (6144K)
 Metaspace       used 31494K, capacity 32486K, committed 32688K, reserved 1079296K
  class space    used 3327K, capacity 3774K, committed 3840K, reserved 1048576K
}
Event: 813.207 GC heap after
{Heap after GC invocations=10 (full 0):
 garbage-first heap   total 262144K, used 17760K [0x0000000701000000, 0x0000000800000000)
  region size 1024K, 6 young (6144K), 6 survivors (6144K)
 Metaspace       used 31494K, capacity 32486K, committed 32688K, reserved 1079296K
  class space    used 3327K, capacity 3774K, committed 3840K, reserved 1048576K
}
Event: 927.327 GC heap before
{Heap before GC invocations=10 (full 0):
 garbage-first heap   total 262144K, used 168288K [0x0000000701000000, 0x0000000800000000)
  region size 1024K, 153 young (156672K), 6 survivors (6144K)
 Metaspace       used 32541K, capacity 33626K, committed 33840K, reserved 1079296K
  class space    used 3464K, capacity 3942K, committed 3968K, reserved 1048576K
}
Event: 927.331 GC heap after
{Heap after GC invocations=11 (full 0):
 garbage-first heap   total 262144K, used 19443K [0x0000000701000000, 0x0000000800000000)
  region size 1024K, 8 young (8192K), 8 survivors (8192K)
 Metaspace       used 32541K, capacity 33626K, committed 33840K, reserved 1079296K
  class space    used 3464K, capacity 3942K, committed 3968K, reserved 1048576K
}
Event: 1056.363 GC heap before
{Heap before GC invocations=11 (full 0):
 garbage-first heap   total 262144K, used 167923K [0x0000000701000000, 0x0000000800000000)
  region size 1024K, 153 young (156672K), 8 survivors (8192K)
 Metaspace       used 32564K, capacity 33632K, committed 33840K, reserved 1079296K
  class space    used 3464K, capacity 3942K, committed 3968K, reserved 1048576K
}
Event: 1056.367 GC heap after
{Heap after GC invocations=12 (full 0):
 garbage-first heap   total 262144K, used 19528K [0x0000000701000000, 0x0000000800000000)
  region size 1024K, 8 young (8192K), 8 survivors (8192K)
 Metaspace       used 32564K, capacity 33632K, committed 33840K, reserved 1079296K
  class space    used 3464K, capacity 3942K, committed 3968K, reserved 1048576K
}
Event: 1207.672 GC heap before
{Heap before GC invocations=12 (full 0):
 garbage-first heap   total 262144K, used 168008K [0x0000000701000000, 0x0000000800000000)
  region size 1024K, 153 young (156672K), 8 survivors (8192K)
 Metaspace       used 32597K, capacity 33696K, committed 33840K, reserved 1079296K
  class space    used 3464K, capacity 3942K, committed 3968K, reserved 1048576K
}
Event: 1207.677 GC heap after
{Heap after GC invocations=13 (full 0):
 garbage-first heap   total 262144K, used 19793K [0x0000000701000000, 0x0000000800000000)
  region size 1024K, 8 young (8192K), 8 survivors (8192K)
 Metaspace       used 32597K, capacity 33696K, committed 33840K, reserved 1079296K
  class space    used 3464K, capacity 3942K, committed 3968K, reserved 1048576K
}

